Performing C SOURCE FILE Test HAVE_STRUCT_STAT_ST_MTIM failed with the following output:
Change Dir: /Users/adjivas/Repos/nTerm/target/release/build/libgit2-sys-2d83e1e6da135418/out/build/CMakeFiles/CMakeTmp

Run Build Command:"/usr/bin/make" "cmTC_e0384/fast"
/Applications/Xcode.app/Contents/Developer/usr/bin/make -f CMakeFiles/cmTC_e0384.dir/build.make CMakeFiles/cmTC_e0384.dir/build
Building C object CMakeFiles/cmTC_e0384.dir/src.c.o
/usr/bin/cc    -I/Users/adjivas/Repos/nTerm/target/release/build/libssh2-sys-36e02a70608e09c5/out/include -DGIT_SSH -O0 -ffunction-sections -fdata-sections -m64 -fPIC -DHAVE_STRUCT_STAT_ST_MTIM   -o CMakeFiles/cmTC_e0384.dir/src.c.o   -c /Users/adjivas/Repos/nTerm/target/release/build/libgit2-sys-2d83e1e6da135418/out/build/CMakeFiles/CMakeTmp/src.c
/Users/adjivas/Repos/nTerm/target/release/build/libgit2-sys-2d83e1e6da135418/out/build/CMakeFiles/CMakeTmp/src.c:7:37: error: no member named 'st_mtim' in 'struct stat'
   (void)sizeof(((struct stat *)0)->st_mtim);
                ~~~~~~~~~~~~~~~~~~  ^
1 error generated.
make[1]: *** [CMakeFiles/cmTC_e0384.dir/src.c.o] Error 1
make: *** [cmTC_e0384/fast] Error 2

Source file was:

#include <sys/types.h>
#include <sys/stat.h>

int main()
{
   (void)sizeof(((struct stat *)0)->st_mtim);
   return 0;
}

Performing C SOURCE FILE Test HAVE_STRUCT_STAT_MTIME_NSEC failed with the following output:
Change Dir: /Users/adjivas/Repos/nTerm/target/release/build/libgit2-sys-2d83e1e6da135418/out/build/CMakeFiles/CMakeTmp

Run Build Command:"/usr/bin/make" "cmTC_636a8/fast"
/Applications/Xcode.app/Contents/Developer/usr/bin/make -f CMakeFiles/cmTC_636a8.dir/build.make CMakeFiles/cmTC_636a8.dir/build
Building C object CMakeFiles/cmTC_636a8.dir/src.c.o
/usr/bin/cc    -I/Users/adjivas/Repos/nTerm/target/release/build/libssh2-sys-36e02a70608e09c5/out/include -DGIT_SSH -O0 -ffunction-sections -fdata-sections -m64 -fPIC -DHAVE_STRUCT_STAT_MTIME_NSEC   -o CMakeFiles/cmTC_636a8.dir/src.c.o   -c /Users/adjivas/Repos/nTerm/target/release/build/libgit2-sys-2d83e1e6da135418/out/build/CMakeFiles/CMakeTmp/src.c
/Users/adjivas/Repos/nTerm/target/release/build/libgit2-sys-2d83e1e6da135418/out/build/CMakeFiles/CMakeTmp/src.c:6:37: error: no member named 'st_mtime_nsec' in 'struct stat'; did you mean 'st_mtimespec'?
   (void)sizeof(((struct stat *)0)->st_mtime_nsec);
                                    ^~~~~~~~~~~~~
                                    st_mtimespec
/usr/include/sys/stat.h:182:13: note: 'st_mtimespec' declared here
struct stat __DARWIN_STRUCT_STAT64;
            ^
/usr/include/sys/stat.h:166:2: note: expanded from macro '__DARWIN_STRUCT_STAT64'
        __DARWIN_STRUCT_STAT64_TIMES \
        ^
/usr/include/sys/stat.h:130:18: note: expanded from macro '__DARWIN_STRUCT_STAT64_TIMES'
        struct timespec st_mtimespec;           /* time of last data modification */ \
                        ^
1 error generated.
make[1]: *** [CMakeFiles/cmTC_636a8.dir/src.c.o] Error 1
make: *** [cmTC_636a8/fast] Error 2

Source file was:

#include <sys/stat.h>

int main()
{
   (void)sizeof(((struct stat *)0)->st_mtime_nsec);
   return 0;
}

Determining if the function futimens exists failed with the following output:
Change Dir: /Users/adjivas/Repos/nTerm/target/release/build/libgit2-sys-2d83e1e6da135418/out/build/CMakeFiles/CMakeTmp

Run Build Command:"/usr/bin/make" "cmTC_6960a/fast"
/Applications/Xcode.app/Contents/Developer/usr/bin/make -f CMakeFiles/cmTC_6960a.dir/build.make CMakeFiles/cmTC_6960a.dir/build
Building C object CMakeFiles/cmTC_6960a.dir/CheckFunctionExists.c.o
/usr/bin/cc    -D_GNU_SOURCE -Wall -Wextra  -I/Users/adjivas/Repos/nTerm/target/release/build/libssh2-sys-36e02a70608e09c5/out/include -DGIT_SSH -O0 -ffunction-sections -fdata-sections -m64 -fPIC -Wdocumentation -Wno-missing-field-initializers -Wstrict-aliasing=2 -Wstrict-prototypes -Wdeclaration-after-statement -Wno-unused-const-variable -Wno-unused-function -Wno-deprecated-declarations -DCHECK_FUNCTION_EXISTS=futimens   -o CMakeFiles/cmTC_6960a.dir/CheckFunctionExists.c.o   -c /usr/local/share/cmake-3.5/Modules/CheckFunctionExists.c
Linking C executable cmTC_6960a
/usr/local/bin/cmake -E cmake_link_script CMakeFiles/cmTC_6960a.dir/link.txt --verbose=1
/usr/bin/cc  -D_GNU_SOURCE -Wall -Wextra  -I/Users/adjivas/Repos/nTerm/target/release/build/libssh2-sys-36e02a70608e09c5/out/include -DGIT_SSH -O0 -ffunction-sections -fdata-sections -m64 -fPIC -Wdocumentation -Wno-missing-field-initializers -Wstrict-aliasing=2 -Wstrict-prototypes -Wdeclaration-after-statement -Wno-unused-const-variable -Wno-unused-function -Wno-deprecated-declarations -DCHECK_FUNCTION_EXISTS=futimens -Wl,-search_paths_first -Wl,-headerpad_max_install_names   CMakeFiles/cmTC_6960a.dir/CheckFunctionExists.c.o  -o cmTC_6960a  
ld: warning: directory not found for option '-L/Users/adjivas/Developer/graphviz/lib'
ld: warning: directory not found for option '-L/Users/adjivas/Developer/sdl2_ttf/lib'
ld: warning: directory not found for option '-L/Users/adjivas/Developer/freetype/freetype-2.7/lib'
ld: warning: directory not found for option '-L/Users/adjivas/Developer/sdl2_mixer/lib'
ld: warning: directory not found for option '-L/Users/adjivas/Developer/sdl2_image/lib'
ld: warning: directory not found for option '-L/Users/adjivas/Developer/sdl2/lib'
ld: warning: directory not found for option '-L/Users/adjivas/Developer/tmux/tmux-2.1/lib'
ld: warning: directory not found for option '-L/Users/adjivas/Developer/clang/cfe-3.7.1/lib'
ld: warning: directory not found for option '-L/Users/adjivas/Developer/llvm/llvm-3.7.1/lib'
ld: warning: directory not found for option '-L/Users/adjivas/Developer/tig/tig-tig-2.1.1/lib'
ld: warning: directory not found for option '-L/Users/adjivas/Developer/redshift/redshift-1.11/lib'
ld: warning: directory not found for option '-L/Users/adjivas/Developer/intltool/intltool-0.51.0/lib'
ld: warning: directory not found for option '-L/Users/adjivas/Developer/gettext/gettext-*/lib'
ld: warning: directory not found for option '-L/Users/adjivas/Developer/libtool/libtool-2.4.6/lib'
ld: warning: directory not found for option '-L/Users/adjivas/Developer/automake/automake-1.15/lib'
ld: warning: directory not found for option '-L/Users/adjivas/Developer/autoconf/autoconf-*/lib'
ld: warning: directory not found for option '-L/Users/adjivas/Developer/cmake/lib'
ld: warning: directory not found for option '-L/Users/adjivas/Developer/graphviz/lib'
ld: warning: directory not found for option '-L/Users/adjivas/Developer/sdl2_ttf/lib'
ld: warning: directory not found for option '-L/Users/adjivas/Developer/freetype/freetype-2.7/lib'
ld: warning: directory not found for option '-L/Users/adjivas/Developer/sdl2_mixer/lib'
ld: warning: directory not found for option '-L/Users/adjivas/Developer/sdl2_image/lib'
ld: warning: directory not found for option '-L/Users/adjivas/Developer/sdl2/lib'
ld: warning: directory not found for option '-L/Users/adjivas/Developer/tmux/tmux-2.1/lib'
ld: warning: directory not found for option '-L/Users/adjivas/Developer/clang/cfe-3.7.1/lib'
ld: warning: directory not found for option '-L/Users/adjivas/Developer/llvm/llvm-3.7.1/lib'
ld: warning: directory not found for option '-L/Users/adjivas/Developer/tig/tig-tig-2.1.1/lib'
ld: warning: directory not found for option '-L/Users/adjivas/Developer/redshift/redshift-1.11/lib'
ld: warning: directory not found for option '-L/Users/adjivas/Developer/intltool/intltool-0.51.0/lib'
ld: warning: directory not found for option '-L/Users/adjivas/Developer/gettext/gettext-*/lib'
ld: warning: directory not found for option '-L/Users/adjivas/Developer/libtool/libtool-2.4.6/lib'
ld: warning: directory not found for option '-L/Users/adjivas/Developer/automake/automake-1.15/lib'
ld: warning: directory not found for option '-L/Users/adjivas/Developer/autoconf/autoconf-*/lib'
ld: warning: directory not found for option '-L/Users/adjivas/Developer/cmake/lib'
Undefined symbols for architecture x86_64:
  "_futimens", referenced from:
      _main in CheckFunctionExists.c.o
ld: symbol(s) not found for architecture x86_64
clang: error: linker command failed with exit code 1 (use -v to see invocation)
make[1]: *** [cmTC_6960a] Error 1
make: *** [cmTC_6960a/fast] Error 2


Determining if the function qsort_s exists failed with the following output:
Change Dir: /Users/adjivas/Repos/nTerm/target/release/build/libgit2-sys-2d83e1e6da135418/out/build/CMakeFiles/CMakeTmp

Run Build Command:"/usr/bin/make" "cmTC_3cd12/fast"
/Applications/Xcode.app/Contents/Developer/usr/bin/make -f CMakeFiles/cmTC_3cd12.dir/build.make CMakeFiles/cmTC_3cd12.dir/build
Building C object CMakeFiles/cmTC_3cd12.dir/CheckFunctionExists.c.o
/usr/bin/cc    -D_GNU_SOURCE -Wall -Wextra  -I/Users/adjivas/Repos/nTerm/target/release/build/libssh2-sys-36e02a70608e09c5/out/include -DGIT_SSH -O0 -ffunction-sections -fdata-sections -m64 -fPIC -Wdocumentation -Wno-missing-field-initializers -Wstrict-aliasing=2 -Wstrict-prototypes -Wdeclaration-after-statement -Wno-unused-const-variable -Wno-unused-function -Wno-deprecated-declarations -DCHECK_FUNCTION_EXISTS=qsort_s   -o CMakeFiles/cmTC_3cd12.dir/CheckFunctionExists.c.o   -c /usr/local/share/cmake-3.5/Modules/CheckFunctionExists.c
Linking C executable cmTC_3cd12
/usr/local/bin/cmake -E cmake_link_script CMakeFiles/cmTC_3cd12.dir/link.txt --verbose=1
/usr/bin/cc  -D_GNU_SOURCE -Wall -Wextra  -I/Users/adjivas/Repos/nTerm/target/release/build/libssh2-sys-36e02a70608e09c5/out/include -DGIT_SSH -O0 -ffunction-sections -fdata-sections -m64 -fPIC -Wdocumentation -Wno-missing-field-initializers -Wstrict-aliasing=2 -Wstrict-prototypes -Wdeclaration-after-statement -Wno-unused-const-variable -Wno-unused-function -Wno-deprecated-declarations -DCHECK_FUNCTION_EXISTS=qsort_s -Wl,-search_paths_first -Wl,-headerpad_max_install_names   CMakeFiles/cmTC_3cd12.dir/CheckFunctionExists.c.o  -o cmTC_3cd12  
ld: warning: directory not found for option '-L/Users/adjivas/Developer/graphviz/lib'
ld: warning: directory not found for option '-L/Users/adjivas/Developer/sdl2_ttf/lib'
ld: warning: directory not found for option '-L/Users/adjivas/Developer/freetype/freetype-2.7/lib'
ld: warning: directory not found for option '-L/Users/adjivas/Developer/sdl2_mixer/lib'
ld: warning: directory not found for option '-L/Users/adjivas/Developer/sdl2_image/lib'
ld: warning: directory not found for option '-L/Users/adjivas/Developer/sdl2/lib'
ld: warning: directory not found for option '-L/Users/adjivas/Developer/tmux/tmux-2.1/lib'
ld: warning: directory not found for option '-L/Users/adjivas/Developer/clang/cfe-3.7.1/lib'
ld: warning: directory not found for option '-L/Users/adjivas/Developer/llvm/llvm-3.7.1/lib'
ld: warning: directory not found for option '-L/Users/adjivas/Developer/tig/tig-tig-2.1.1/lib'
ld: warning: directory not found for option '-L/Users/adjivas/Developer/redshift/redshift-1.11/lib'
ld: warning: directory not found for option '-L/Users/adjivas/Developer/intltool/intltool-0.51.0/lib'
ld: warning: directory not found for option '-L/Users/adjivas/Developer/gettext/gettext-*/lib'
ld: warning: directory not found for option '-L/Users/adjivas/Developer/libtool/libtool-2.4.6/lib'
ld: warning: directory not found for option '-L/Users/adjivas/Developer/automake/automake-1.15/lib'
ld: warning: directory not found for option '-L/Users/adjivas/Developer/autoconf/autoconf-*/lib'
ld: warning: directory not found for option '-L/Users/adjivas/Developer/cmake/lib'
ld: warning: directory not found for option '-L/Users/adjivas/Developer/graphviz/lib'
ld: warning: directory not found for option '-L/Users/adjivas/Developer/sdl2_ttf/lib'
ld: warning: directory not found for option '-L/Users/adjivas/Developer/freetype/freetype-2.7/lib'
ld: warning: directory not found for option '-L/Users/adjivas/Developer/sdl2_mixer/lib'
ld: warning: directory not found for option '-L/Users/adjivas/Developer/sdl2_image/lib'
ld: warning: directory not found for option '-L/Users/adjivas/Developer/sdl2/lib'
ld: warning: directory not found for option '-L/Users/adjivas/Developer/tmux/tmux-2.1/lib'
ld: warning: directory not found for option '-L/Users/adjivas/Developer/clang/cfe-3.7.1/lib'
ld: warning: directory not found for option '-L/Users/adjivas/Developer/llvm/llvm-3.7.1/lib'
ld: warning: directory not found for option '-L/Users/adjivas/Developer/tig/tig-tig-2.1.1/lib'
ld: warning: directory not found for option '-L/Users/adjivas/Developer/redshift/redshift-1.11/lib'
ld: warning: directory not found for option '-L/Users/adjivas/Developer/intltool/intltool-0.51.0/lib'
ld: warning: directory not found for option '-L/Users/adjivas/Developer/gettext/gettext-*/lib'
ld: warning: directory not found for option '-L/Users/adjivas/Developer/libtool/libtool-2.4.6/lib'
ld: warning: directory not found for option '-L/Users/adjivas/Developer/automake/automake-1.15/lib'
ld: warning: directory not found for option '-L/Users/adjivas/Developer/autoconf/autoconf-*/lib'
ld: warning: directory not found for option '-L/Users/adjivas/Developer/cmake/lib'
Undefined symbols for architecture x86_64:
  "_qsort_s", referenced from:
      _main in CheckFunctionExists.c.o
ld: symbol(s) not found for architecture x86_64
clang: error: linker command failed with exit code 1 (use -v to see invocation)
make[1]: *** [cmTC_3cd12] Error 1
make: *** [cmTC_3cd12/fast] Error 2


Determining if the function clock_gettime exists in the rt failed with the following output:
Change Dir: /Users/adjivas/Repos/nTerm/target/release/build/libgit2-sys-2d83e1e6da135418/out/build/CMakeFiles/CMakeTmp

Run Build Command:"/usr/bin/make" "cmTC_31812/fast"
/Applications/Xcode.app/Contents/Developer/usr/bin/make -f CMakeFiles/cmTC_31812.dir/build.make CMakeFiles/cmTC_31812.dir/build
Building C object CMakeFiles/cmTC_31812.dir/CheckFunctionExists.c.o
/usr/bin/cc    -D_GNU_SOURCE -Wall -Wextra  -I/Users/adjivas/Repos/nTerm/target/release/build/libssh2-sys-36e02a70608e09c5/out/include -DGIT_SSH -O0 -ffunction-sections -fdata-sections -m64 -fPIC -Wdocumentation -Wno-missing-field-initializers -Wstrict-aliasing=2 -Wstrict-prototypes -Wdeclaration-after-statement -Wno-unused-const-variable -Wno-unused-function -Wno-deprecated-declarations -DCHECK_FUNCTION_EXISTS=clock_gettime   -o CMakeFiles/cmTC_31812.dir/CheckFunctionExists.c.o   -c /usr/local/share/cmake-3.5/Modules/CheckFunctionExists.c
Linking C executable cmTC_31812
/usr/local/bin/cmake -E cmake_link_script CMakeFiles/cmTC_31812.dir/link.txt --verbose=1
/usr/bin/cc  -D_GNU_SOURCE -Wall -Wextra  -I/Users/adjivas/Repos/nTerm/target/release/build/libssh2-sys-36e02a70608e09c5/out/include -DGIT_SSH -O0 -ffunction-sections -fdata-sections -m64 -fPIC -Wdocumentation -Wno-missing-field-initializers -Wstrict-aliasing=2 -Wstrict-prototypes -Wdeclaration-after-statement -Wno-unused-const-variable -Wno-unused-function -Wno-deprecated-declarations -DCHECK_FUNCTION_EXISTS=clock_gettime -Wl,-search_paths_first -Wl,-headerpad_max_install_names   CMakeFiles/cmTC_31812.dir/CheckFunctionExists.c.o  -o cmTC_31812  -L/Users/adjivas/Repos/nTerm/target/release/build/libgit2-sys-2d83e1e6da135418/out/build/CMakeFiles/CMakeTmp/time.h  -lrt -Wl,-rpath,/Users/adjivas/Repos/nTerm/target/release/build/libgit2-sys-2d83e1e6da135418/out/build/CMakeFiles/CMakeTmp/time.h 
ld: warning: directory not found for option '-L/Users/adjivas/Repos/nTerm/target/release/build/libgit2-sys-2d83e1e6da135418/out/build/CMakeFiles/CMakeTmp/time.h'
ld: warning: directory not found for option '-L/Users/adjivas/Developer/graphviz/lib'
ld: warning: directory not found for option '-L/Users/adjivas/Developer/sdl2_ttf/lib'
ld: warning: directory not found for option '-L/Users/adjivas/Developer/freetype/freetype-2.7/lib'
ld: warning: directory not found for option '-L/Users/adjivas/Developer/sdl2_mixer/lib'
ld: warning: directory not found for option '-L/Users/adjivas/Developer/sdl2_image/lib'
ld: warning: directory not found for option '-L/Users/adjivas/Developer/sdl2/lib'
ld: warning: directory not found for option '-L/Users/adjivas/Developer/tmux/tmux-2.1/lib'
ld: warning: directory not found for option '-L/Users/adjivas/Developer/clang/cfe-3.7.1/lib'
ld: warning: directory not found for option '-L/Users/adjivas/Developer/llvm/llvm-3.7.1/lib'
ld: warning: directory not found for option '-L/Users/adjivas/Developer/tig/tig-tig-2.1.1/lib'
ld: warning: directory not found for option '-L/Users/adjivas/Developer/redshift/redshift-1.11/lib'
ld: warning: directory not found for option '-L/Users/adjivas/Developer/intltool/intltool-0.51.0/lib'
ld: warning: directory not found for option '-L/Users/adjivas/Developer/gettext/gettext-*/lib'
ld: warning: directory not found for option '-L/Users/adjivas/Developer/libtool/libtool-2.4.6/lib'
ld: warning: directory not found for option '-L/Users/adjivas/Developer/automake/automake-1.15/lib'
ld: warning: directory not found for option '-L/Users/adjivas/Developer/autoconf/autoconf-*/lib'
ld: warning: directory not found for option '-L/Users/adjivas/Developer/cmake/lib'
ld: warning: directory not found for option '-L/Users/adjivas/Developer/graphviz/lib'
ld: warning: directory not found for option '-L/Users/adjivas/Developer/sdl2_ttf/lib'
ld: warning: directory not found for option '-L/Users/adjivas/Developer/freetype/freetype-2.7/lib'
ld: warning: directory not found for option '-L/Users/adjivas/Developer/sdl2_mixer/lib'
ld: warning: directory not found for option '-L/Users/adjivas/Developer/sdl2_image/lib'
ld: warning: directory not found for option '-L/Users/adjivas/Developer/sdl2/lib'
ld: warning: directory not found for option '-L/Users/adjivas/Developer/tmux/tmux-2.1/lib'
ld: warning: directory not found for option '-L/Users/adjivas/Developer/clang/cfe-3.7.1/lib'
ld: warning: directory not found for option '-L/Users/adjivas/Developer/llvm/llvm-3.7.1/lib'
ld: warning: directory not found for option '-L/Users/adjivas/Developer/tig/tig-tig-2.1.1/lib'
ld: warning: directory not found for option '-L/Users/adjivas/Developer/redshift/redshift-1.11/lib'
ld: warning: directory not found for option '-L/Users/adjivas/Developer/intltool/intltool-0.51.0/lib'
ld: warning: directory not found for option '-L/Users/adjivas/Developer/gettext/gettext-*/lib'
ld: warning: directory not found for option '-L/Users/adjivas/Developer/libtool/libtool-2.4.6/lib'
ld: warning: directory not found for option '-L/Users/adjivas/Developer/automake/automake-1.15/lib'
ld: warning: directory not found for option '-L/Users/adjivas/Developer/autoconf/autoconf-*/lib'
ld: warning: directory not found for option '-L/Users/adjivas/Developer/cmake/lib'
ld: library not found for -lrt
clang: error: linker command failed with exit code 1 (use -v to see invocation)
make[1]: *** [cmTC_31812] Error 1
make: *** [cmTC_31812/fast] Error 2


