Determining if files windows.h exist failed with the following output:
Change Dir: /Users/adjivas/Repos/nTerm/target/release/build/libssh2-sys-36e02a70608e09c5/out/build/CMakeFiles/CMakeTmp

Run Build Command:"/usr/bin/make" "cmTC_8b3b1/fast"
/Applications/Xcode.app/Contents/Developer/usr/bin/make -f CMakeFiles/cmTC_8b3b1.dir/build.make CMakeFiles/cmTC_8b3b1.dir/build
Building C object CMakeFiles/cmTC_8b3b1.dir/CheckIncludeFiles.c.o
/usr/bin/cc    -O0 -ffunction-sections -fdata-sections -m64 -fPIC    -o CMakeFiles/cmTC_8b3b1.dir/CheckIncludeFiles.c.o   -c /Users/adjivas/Repos/nTerm/target/release/build/libssh2-sys-36e02a70608e09c5/out/build/CMakeFiles/CMakeTmp/CheckIncludeFiles.c
/Users/adjivas/Repos/nTerm/target/release/build/libssh2-sys-36e02a70608e09c5/out/build/CMakeFiles/CMakeTmp/CheckIncludeFiles.c:2:10: fatal error: 'windows.h' file not found
#include <windows.h>
         ^
1 error generated.
make[1]: *** [CMakeFiles/cmTC_8b3b1.dir/CheckIncludeFiles.c.o] Error 1
make: *** [cmTC_8b3b1/fast] Error 2

Source:
/* */
#include <windows.h>


int main(void){return 0;}

Determining if files ws2tcpip.h exist failed with the following output:
Change Dir: /Users/adjivas/Repos/nTerm/target/release/build/libssh2-sys-36e02a70608e09c5/out/build/CMakeFiles/CMakeTmp

Run Build Command:"/usr/bin/make" "cmTC_549f4/fast"
/Applications/Xcode.app/Contents/Developer/usr/bin/make -f CMakeFiles/cmTC_549f4.dir/build.make CMakeFiles/cmTC_549f4.dir/build
Building C object CMakeFiles/cmTC_549f4.dir/CheckIncludeFiles.c.o
/usr/bin/cc    -O0 -ffunction-sections -fdata-sections -m64 -fPIC    -o CMakeFiles/cmTC_549f4.dir/CheckIncludeFiles.c.o   -c /Users/adjivas/Repos/nTerm/target/release/build/libssh2-sys-36e02a70608e09c5/out/build/CMakeFiles/CMakeTmp/CheckIncludeFiles.c
/Users/adjivas/Repos/nTerm/target/release/build/libssh2-sys-36e02a70608e09c5/out/build/CMakeFiles/CMakeTmp/CheckIncludeFiles.c:2:10: fatal error: 'ws2tcpip.h' file not found
#include <ws2tcpip.h>
         ^
1 error generated.
make[1]: *** [CMakeFiles/cmTC_549f4.dir/CheckIncludeFiles.c.o] Error 1
make: *** [cmTC_549f4/fast] Error 2

Source:
/* */
#include <ws2tcpip.h>


int main(void){return 0;}

Determining if files winsock2.h exist failed with the following output:
Change Dir: /Users/adjivas/Repos/nTerm/target/release/build/libssh2-sys-36e02a70608e09c5/out/build/CMakeFiles/CMakeTmp

Run Build Command:"/usr/bin/make" "cmTC_a4941/fast"
/Applications/Xcode.app/Contents/Developer/usr/bin/make -f CMakeFiles/cmTC_a4941.dir/build.make CMakeFiles/cmTC_a4941.dir/build
Building C object CMakeFiles/cmTC_a4941.dir/CheckIncludeFiles.c.o
/usr/bin/cc    -O0 -ffunction-sections -fdata-sections -m64 -fPIC    -o CMakeFiles/cmTC_a4941.dir/CheckIncludeFiles.c.o   -c /Users/adjivas/Repos/nTerm/target/release/build/libssh2-sys-36e02a70608e09c5/out/build/CMakeFiles/CMakeTmp/CheckIncludeFiles.c
/Users/adjivas/Repos/nTerm/target/release/build/libssh2-sys-36e02a70608e09c5/out/build/CMakeFiles/CMakeTmp/CheckIncludeFiles.c:2:10: fatal error: 'winsock2.h' file not found
#include <winsock2.h>
         ^
1 error generated.
make[1]: *** [CMakeFiles/cmTC_a4941.dir/CheckIncludeFiles.c.o] Error 1
make: *** [cmTC_a4941/fast] Error 2

Source:
/* */
#include <winsock2.h>


int main(void){return 0;}

